#
# A fatal error has been detected by the Java Runtime Environment:
#
#  EXCEPTION_ACCESS_VIOLATION (0xc0000005) at pc=0x00007ffd4a88ad2f, pid=2284, tid=5392
#
# JRE version: OpenJDK Runtime Environment AdoptOpenJDK-11.0.11+9 (11.0.11+9) (build 11.0.11+9)
# Java VM: OpenJDK 64-Bit Server VM AdoptOpenJDK-11.0.11+9 (11.0.11+9, mixed mode, tiered, compressed oops, parallel gc, windows-amd64)
# Problematic frame:
# V  [jvm.dll+0x36ad2f]
#
# No core dump will be written. Minidumps are not enabled by default on client versions of Windows
#
# If you would like to submit a bug report, please visit:
#   https://github.com/AdoptOpenJDK/openjdk-support/issues
#

---------------  S U M M A R Y ------------

Command Line: --add-modules=ALL-SYSTEM --add-opens=java.base/java.util=ALL-UNNAMED --add-opens=java.base/java.lang=ALL-UNNAMED -Declipse.application=org.eclipse.jdt.ls.core.id1 -Dosgi.bundles.defaultStartLevel=4 -Declipse.product=org.eclipse.jdt.ls.core.product -Dfile.encoding=utf8 -DwatchParentProcess=false -XX:+UseParallelGC -XX:GCTimeRatio=4 -XX:AdaptiveSizePolicyWeight=90 -Dsun.zip.disableMemoryMapping=true -Xmx1G -Xms100m -javaagent:c:\Users\AndresZ\.vscode\extensions\gabrielbb.vscode-lombok-1.0.1\server\lombok.jar -Xverify:none c:\Users\AndresZ\.vscode\extensions\redhat.java-0.78.0\server\plugins\org.eclipse.equinox.launcher_1.6.100.v20201223-0822.jar -configuration c:\Users\AndresZ\AppData\Roaming\Code\User\globalStorage\redhat.java\0.78.0\config_ss_win -data c:\Users\AndresZ\AppData\Roaming\Code\User\workspaceStorage\cbcede523eaa059dca6dee5001404300\redhat.java\ss_ws

Host: Intel(R) Core(TM) i5-7200U CPU @ 2.50GHz, 4 cores, 7G,  Windows 10 , 64 bit Build 19041 (10.0.19041.928)
Time: Thu Apr 29 14:33:06 2021 Hora est. Pacífico, Sudamérica elapsed time: 12.965993 seconds (0d 0h 0m 12s)

---------------  T H R E A D  ---------------

Current thread (0x000002197a6bb800):  JavaThread "pool-1-thread-1" [_thread_in_vm, id=5392, stack(0x000000d5b0f00000,0x000000d5b1000000)]

Stack: [0x000000d5b0f00000,0x000000d5b1000000],  sp=0x000000d5b0ffd1a0,  free space=1012k
Native frames: (J=compiled Java code, j=interpreted, Vv=VM code, C=native code)
V  [jvm.dll+0x36ad2f]
C  0x00000219673dd96d

Java frames: (J=compiled Java code, j=interpreted, Vv=VM code)
j  org.eclipse.jdt.internal.compiler.parser.Scanner.getNextToken0()I+93
j  org.eclipse.jdt.internal.compiler.parser.Scanner.getNextToken()I+47
j  org.eclipse.jdt.internal.compiler.parser.Parser.parse()V+332
j  org.eclipse.jdt.internal.compiler.parser.Parser.parse(Lorg/eclipse/jdt/internal/compiler/env/ICompilationUnit;Lorg/eclipse/jdt/internal/compiler/CompilationResult;II)Lorg/eclipse/jdt/internal/compiler/ast/CompilationUnitDeclaration;+178
j  org.eclipse.jdt.internal.compiler.parser.Parser.parse(Lorg/eclipse/jdt/internal/compiler/env/ICompilationUnit;Lorg/eclipse/jdt/internal/compiler/CompilationResult;)Lorg/eclipse/jdt/internal/compiler/ast/CompilationUnitDeclaration;+5
j  org.eclipse.jdt.internal.compiler.SourceElementParser.parseCompilationUnit(Lorg/eclipse/jdt/internal/compiler/env/ICompilationUnit;ZLorg/eclipse/core/runtime/IProgressMonitor;)Lorg/eclipse/jdt/internal/compiler/ast/CompilationUnitDeclaration;+53
j  org.eclipse.jdt.internal.core.CompilationUnit.buildStructure(Lorg/eclipse/jdt/internal/core/OpenableElementInfo;Lorg/eclipse/core/runtime/IProgressMonitor;Ljava/util/Map;Lorg/eclipse/core/resources/IResource;)Z+523
J 3169 c1 org.eclipse.jdt.internal.core.Openable.generateInfos(Ljava/lang/Object;Ljava/util/HashMap;Lorg/eclipse/core/runtime/IProgressMonitor;)V (281 bytes) @ 0x0000021967fd1fbc [0x0000021967fd09a0+0x000000000000161c]
J 3188 c1 org.eclipse.jdt.internal.core.JavaElement.openWhenClosed(Ljava/lang/Object;ZLorg/eclipse/core/runtime/IProgressMonitor;)Ljava/lang/Object; (169 bytes) @ 0x0000021967fdea74 [0x0000021967fde3c0+0x00000000000006b4]
j  org.eclipse.jdt.internal.core.BecomeWorkingCopyOperation.executeOperation()V+29
j  org.eclipse.jdt.internal.core.JavaModelOperation.run(Lorg/eclipse/core/runtime/IProgressMonitor;)V+55
j  org.eclipse.jdt.internal.core.JavaModelOperation.runOperation(Lorg/eclipse/core/runtime/IProgressMonitor;)V+32
j  org.eclipse.jdt.internal.core.CompilationUnit.becomeWorkingCopy(Lorg/eclipse/jdt/core/IProblemRequestor;Lorg/eclipse/core/runtime/IProgressMonitor;)V+37
j  org.eclipse.jdt.internal.core.CompilationUnit.becomeWorkingCopy(Lorg/eclipse/core/runtime/IProgressMonitor;)V+23
j  org.eclipse.jdt.ls.core.internal.handlers.BaseDocumentLifeCycleHandler.handleOpen(Lorg/eclipse/lsp4j/DidOpenTextDocumentParams;)Lorg/eclipse/jdt/core/ICompilationUnit;+144
j  org.eclipse.jdt.ls.core.internal.handlers.BaseDocumentLifeCycleHandler$5.run(Lorg/eclipse/core/runtime/IProgressMonitor;)V+8
j  org.eclipse.core.internal.resources.Workspace.run(Lorg/eclipse/core/runtime/ICoreRunnable;Lorg/eclipse/core/runtime/jobs/ISchedulingRule;ILorg/eclipse/core/runtime/IProgressMonitor;)V+69
j  org.eclipse.core.internal.resources.Workspace.run(Lorg/eclipse/core/resources/IWorkspaceRunnable;Lorg/eclipse/core/runtime/jobs/ISchedulingRule;ILorg/eclipse/core/runtime/IProgressMonitor;)V+6
j  org.eclipse.jdt.ls.core.internal.handlers.BaseDocumentLifeCycleHandler.didOpen(Lorg/eclipse/lsp4j/DidOpenTextDocumentParams;)V+32
j  org.eclipse.jdt.ls.core.internal.syntaxserver.SyntaxLanguageServer.didOpen(Lorg/eclipse/lsp4j/DidOpenTextDocumentParams;)V+11
v  ~StubRoutines::call_stub
j  jdk.internal.reflect.NativeMethodAccessorImpl.invoke0(Ljava/lang/reflect/Method;Ljava/lang/Object;[Ljava/lang/Object;)Ljava/lang/Object;+0 java.base@11.0.11
j  jdk.internal.reflect.NativeMethodAccessorImpl.invoke(Ljava/lang/Object;[Ljava/lang/Object;)Ljava/lang/Object;+100 java.base@11.0.11
J 1133 c1 jdk.internal.reflect.DelegatingMethodAccessorImpl.invoke(Ljava/lang/Object;[Ljava/lang/Object;)Ljava/lang/Object; java.base@11.0.11 (10 bytes) @ 0x0000021967b42ebc [0x0000021967b42dc0+0x00000000000000fc]
J 1132 c1 java.lang.reflect.Method.invoke(Ljava/lang/Object;[Ljava/lang/Object;)Ljava/lang/Object; java.base@11.0.11 (65 bytes) @ 0x0000021967b4294c [0x0000021967b42620+0x000000000000032c]
j  org.eclipse.lsp4j.jsonrpc.services.GenericEndpoint.lambda$null$0(Lorg/eclipse/lsp4j/jsonrpc/services/AnnotationUtil$MethodInfo;Ljava/lang/Object;Ljava/lang/Object;)Ljava/util/concurrent/CompletableFuture;+20
j  org.eclipse.lsp4j.jsonrpc.services.GenericEndpoint$$Lambda$128.apply(Ljava/lang/Object;)Ljava/lang/Object;+13
j  org.eclipse.lsp4j.jsonrpc.services.GenericEndpoint.notify(Ljava/lang/String;Ljava/lang/Object;)V+18
j  org.eclipse.lsp4j.jsonrpc.RemoteEndpoint.handleNotification(Lorg/eclipse/lsp4j/jsonrpc/messages/NotificationMessage;)V+20
j  org.eclipse.lsp4j.jsonrpc.RemoteEndpoint.consume(Lorg/eclipse/lsp4j/jsonrpc/messages/Message;)V+14
j  org.eclipse.lsp4j.jsonrpc.json.StreamMessageProducer.handleMessage(Ljava/io/InputStream;Lorg/eclipse/lsp4j/jsonrpc/json/StreamMessageProducer$Headers;)Z+99
j  org.eclipse.lsp4j.jsonrpc.json.StreamMessageProducer.listen(Lorg/eclipse/lsp4j/jsonrpc/MessageConsumer;)V+158
j  org.eclipse.lsp4j.jsonrpc.json.ConcurrentMessageProcessor.run()V+12
j  java.util.concurrent.Executors$RunnableAdapter.call()Ljava/lang/Object;+4 java.base@11.0.11
j  java.util.concurrent.FutureTask.run()V+39 java.base@11.0.11
j  java.util.concurrent.ThreadPoolExecutor.runWorker(Ljava/util/concurrent/ThreadPoolExecutor$Worker;)V+92 java.base@11.0.11
j  java.util.concurrent.ThreadPoolExecutor$Worker.run()V+5 java.base@11.0.11
j  java.lang.Thread.run()V+11 java.base@11.0.11
v  ~StubRoutines::call_stub

siginfo: EXCEPTION_ACCESS_VIOLATION (0xc0000005), reading address 0x00000000ec431e7c


Register to memory mapping:

RIP=0x00007ffd4a88ad2f jvm.dll
RAX=0x000000000000000c is an unknown value
RBX=0x000000000000040d is an unknown value
RCX=0x000000d5b0ffd1d0 is pointing into the stack for thread: 0x000002197a6bb800
RDX=0x00007ffd4ad7c9d8 jvm.dll
RSP=0x000000d5b0ffd1a0 is pointing into the stack for thread: 0x000002197a6bb800
RBP=0x0000021978d9a9e0 points into unknown readable memory: 0x0000000000000000 | 00 00 00 00 00 00 00 00
RSI=0x000002197a67a440 points into unknown readable memory: 0x0000021900000002 | 02 00 00 00 19 02 00 00
RDI=0x000002197a6bb800 is a thread
R8 =0x000000000000040d is an unknown value
R9 =0x000000000000000e is an unknown value
R10=0x0 is NULL
R11=0xf78000000000001f is an unknown value
R12=0x00000000ec431e70 is an unallocated location in the heap
R13=0x00000000000003d8 is an unknown value
R14=0x0000021978d9a9f0 points into unknown readable memory: 0x000002197a884ba4 | a4 4b 88 7a 19 02 00 00
R15=0x0000021978d9adc8 points into unknown readable memory: 0x081da35399f29384 | 84 93 f2 99 53 a3 1d 08


Registers:
RAX=0x000000000000000c, RBX=0x000000000000040d, RCX=0x000000d5b0ffd1d0, RDX=0x00007ffd4ad7c9d8
RSP=0x000000d5b0ffd1a0, RBP=0x0000021978d9a9e0, RSI=0x000002197a67a440, RDI=0x000002197a6bb800
R8 =0x000000000000040d, R9 =0x000000000000000e, R10=0x0000000000000000, R11=0xf78000000000001f
R12=0x00000000ec431e70, R13=0x00000000000003d8, R14=0x0000021978d9a9f0, R15=0x0000021978d9adc8
RIP=0x00007ffd4a88ad2f, EFLAGS=0x0000000000010202

Top of Stack: (sp=0x000000d5b0ffd1a0)
0x000000d5b0ffd1a0:   000000000000040d 000000000000040d
0x000000d5b0ffd1b0:   000000000000007d 000002197a6bb800
0x000000d5b0ffd1c0:   0000000000000001 00007ffd4aabf30a
0x000000d5b0ffd1d0:   00007ffd4adef330 0000005000000000
0x000000d5b0ffd1e0:   0000000000000000 0000000000000000
0x000000d5b0ffd1f0:   0000000000000000 0000000000000000
0x000000d5b0ffd200:   0000000000000000 000002197a9398a0
0x000000d5b0ffd210:   0000000000000000 0000000000000100
0x000000d5b0ffd220:   000002197e6ede00 00007ffd4aacfc1f
0x000000d5b0ffd230:   000002197a6bb800 000000d5b0ffd350
0x000000d5b0ffd240:   000002197d4528bd 0000000000000000
0x000000d5b0ffd250:   000000000000001b 00000219673dd96d
0x000000d5b0ffd260:   000002197a6bb800 000000000000040d
0x000000d5b0ffd270:   000000d5b0ffd2d0 000000000000007d
0x000000d5b0ffd280:   00000219673dd911 000000d5b0ffd288
0x000000d5b0ffd290:   000002197d4528bd 000000d5b0ffd350 

Instructions: (pc=0x00007ffd4a88ad2f)
0x00007ffd4a88ac2f:   4c 24 78 44 8d 42 02 e8 f5 23 e1 ff 83 bb b0 03
0x00007ffd4a88ac3f:   00 00 00 75 1a 8b 83 d8 00 00 00 c1 e8 1d a8 01
0x00007ffd4a88ac4f:   75 0d 8b 83 d8 00 00 00 c1 e8 02 a8 01 74 0a b2
0x00007ffd4a88ac5f:   01 48 8b cb e8 d8 53 3d 00 48 8b 9c 24 80 00 00
0x00007ffd4a88ac6f:   00 48 83 c4 40 41 5f 41 5e 5f 5e 5d c3 cc cc cc
0x00007ffd4a88ac7f:   cc 48 8b c4 57 48 81 ec b0 00 00 00 48 89 58 10
0x00007ffd4a88ac8f:   48 8b f9 48 89 70 20 41 8b d8 4c 89 60 f0 4c 8b
0x00007ffd4a88ac9f:   c1 4c 8b e2 48 89 48 08 ba 03 00 00 00 c7 81 c0
0x00007ffd4a88acaf:   03 00 00 06 00 00 00 e8 55 da ff ff 48 83 7f 08
0x00007ffd4a88acbf:   00 0f 85 f0 00 00 00 48 8b b7 78 02 00 00 48 8d
0x00007ffd4a88accf:   4c 24 30 48 89 ac 24 d0 00 00 00 ba 00 01 00 00
0x00007ffd4a88acdf:   4c 89 ac 24 a0 00 00 00 4c 89 b4 24 98 00 00 00
0x00007ffd4a88acef:   48 8b 6e 10 4c 8b 76 18 4c 8b 6e 28 4c 89 bc 24
0x00007ffd4a88acff:   90 00 00 00 4c 8b 7e 20 e8 64 db 28 00 80 3d ce
0x00007ffd4a88ad0f:   a6 70 00 00 48 8d 15 be 1c 4f 00 b9 0c 00 00 00
0x00007ffd4a88ad1f:   b8 10 00 00 00 0f 45 c1 44 8b c3 48 8d 4c 24 30
0x00007ffd4a88ad2f:   46 8b 0c 20 e8 f8 f1 28 00 48 8b 1d 59 1a 74 00
0x00007ffd4a88ad3f:   48 8d 4c 24 30 e8 c7 e2 28 00 4c 8b cb 48 89 44
0x00007ffd4a88ad4f:   24 20 41 b8 bc 01 00 00 48 8d 15 02 8a 52 00 48
0x00007ffd4a88ad5f:   8b cf e8 7a 83 f5 ff 48 8d 4c 24 30 e8 40 dc 28
0x00007ffd4a88ad6f:   00 48 83 7d 00 00 74 13 49 8b d5 48 8b ce e8 ae
0x00007ffd4a88ad7f:   42 d5 ff 48 8b cd e8 16 42 d5 ff 4c 8b ac 24 a0
0x00007ffd4a88ad8f:   00 00 00 48 89 6e 10 48 8b ac 24 d0 00 00 00 4c
0x00007ffd4a88ad9f:   89 76 18 4c 8b b4 24 98 00 00 00 4c 89 7e 20 4c
0x00007ffd4a88adaf:   8b bc 24 90 00 00 00 48 8b 9f f0 00 00 00 4c 8b
0x00007ffd4a88adbf:   a4 24 a8 00 00 00 48 8b 43 10 48 8b 73 08 48 83
0x00007ffd4a88adcf:   38 00 74 19 48 8b 53 28 48 8b ce e8 51 42 d5 ff
0x00007ffd4a88addf:   48 8b 4b 10 e8 b8 41 d5 ff 48 8b 43 10 48 89 46
0x00007ffd4a88adef:   10 48 8b 43 18 48 89 46 18 48 8b 43 20 48 8b 9c
0x00007ffd4a88adff:   24 c8 00 00 00 48 89 46 20 83 bf 08 04 00 00 02
0x00007ffd4a88ae0f:   48 8b b4 24 d8 00 00 00 75 08 48 8b cf e8 df 46
0x00007ffd4a88ae1f:   3d 00 ba 06 00 00 00 48 8d 8c 24 c0 00 00 00 44 


Stack slot to memory mapping:
stack at sp + 0 slots: 0x000000000000040d is an unknown value
stack at sp + 1 slots: 0x000000000000040d is an unknown value
stack at sp + 2 slots: 0x000000000000007d is an unknown value
stack at sp + 3 slots: 0x000002197a6bb800 is a thread
stack at sp + 4 slots: 0x0000000000000001 is an unknown value
stack at sp + 5 slots: 0x00007ffd4aabf30a jvm.dll
stack at sp + 6 slots: 0x00007ffd4adef330 jvm.dll
stack at sp + 7 slots: 0x0000005000000000 is an unknown value


---------------  P R O C E S S  ---------------

Threads class SMR info:
_java_thread_list=0x000002197b69c4f0, length=19, elements={
0x000002195ecd3000, 0x0000021978d78000, 0x0000021978d79800, 0x0000021979f32800,
0x0000021978d91000, 0x0000021978d93000, 0x0000021978d98000, 0x0000021978d99000,
0x0000021979f70800, 0x000002197a066000, 0x000002197aa66800, 0x000002197a923800,
0x000002197a419800, 0x000002197a583000, 0x000002197ad56800, 0x000002197ae20800,
0x000002197a9ac000, 0x000002197afed800, 0x000002197a6bb800
}

Java Threads: ( => current thread )
  0x000002195ecd3000 JavaThread "main" [_thread_blocked, id=11096, stack(0x000000d5af500000,0x000000d5af600000)]
  0x0000021978d78000 JavaThread "Reference Handler" daemon [_thread_blocked, id=9504, stack(0x000000d5af800000,0x000000d5af900000)]
  0x0000021978d79800 JavaThread "Finalizer" daemon [_thread_blocked, id=1968, stack(0x000000d5af900000,0x000000d5afa00000)]
  0x0000021979f32800 JavaThread "Signal Dispatcher" daemon [_thread_blocked, id=13444, stack(0x000000d5afa00000,0x000000d5afb00000)]
  0x0000021978d91000 JavaThread "Attach Listener" daemon [_thread_blocked, id=2024, stack(0x000000d5afb00000,0x000000d5afc00000)]
  0x0000021978d93000 JavaThread "Service Thread" daemon [_thread_blocked, id=6320, stack(0x000000d5afc00000,0x000000d5afd00000)]
  0x0000021978d98000 JavaThread "C2 CompilerThread0" daemon [_thread_blocked, id=13124, stack(0x000000d5afd00000,0x000000d5afe00000)]
  0x0000021978d99000 JavaThread "C1 CompilerThread0" daemon [_thread_blocked, id=7684, stack(0x000000d5afe00000,0x000000d5aff00000)]
  0x0000021979f70800 JavaThread "Sweeper thread" daemon [_thread_blocked, id=8244, stack(0x000000d5aff00000,0x000000d5b0000000)]
  0x000002197a066000 JavaThread "Common-Cleaner" daemon [_thread_blocked, id=10000, stack(0x000000d5b0000000,0x000000d5b0100000)]
  0x000002197aa66800 JavaThread "Active Thread: Equinox Container: 205efc69-3b48-4984-a849-28815d43f3ec" [_thread_blocked, id=1428, stack(0x000000d5b0400000,0x000000d5b0500000)]
  0x000002197a923800 JavaThread "Framework Event Dispatcher: Equinox Container: 205efc69-3b48-4984-a849-28815d43f3ec" daemon [_thread_blocked, id=13572, stack(0x000000d5b0200000,0x000000d5b0300000)]
  0x000002197a419800 JavaThread "Start Level: Equinox Container: 205efc69-3b48-4984-a849-28815d43f3ec" daemon [_thread_blocked, id=13744, stack(0x000000d5b0500000,0x000000d5b0600000)]
  0x000002197a583000 JavaThread "SCR Component Actor" daemon [_thread_blocked, id=13956, stack(0x000000d5b0600000,0x000000d5b0700000)]
  0x000002197ad56800 JavaThread "Worker-JM" [_thread_blocked, id=1264, stack(0x000000d5b0a00000,0x000000d5b0b00000)]
  0x000002197ae20800 JavaThread "Worker-0" [_thread_blocked, id=2092, stack(0x000000d5b0b00000,0x000000d5b0c00000)]
  0x000002197a9ac000 JavaThread "Worker-1" [_thread_blocked, id=8028, stack(0x000000d5b0c00000,0x000000d5b0d00000)]
  0x000002197afed800 JavaThread "Worker-2" [_thread_blocked, id=5332, stack(0x000000d5b0d00000,0x000000d5b0e00000)]
=>0x000002197a6bb800 JavaThread "pool-1-thread-1" [_thread_in_vm, id=5392, stack(0x000000d5b0f00000,0x000000d5b1000000)]

Other Threads:
  0x0000021978d74800 VMThread "VM Thread" [stack: 0x000000d5af700000,0x000000d5af800000] [id=2316]
  0x000002197a22d000 WatcherThread [stack: 0x000000d5b0100000,0x000000d5b0200000] [id=4552]
  0x000002195ece7000 GCTaskThread "ParGC Thread#0" [stack: 0x000000d5af600000,0x000000d5af700000] [id=7720]
  0x000002197a66e800 GCTaskThread "ParGC Thread#1" [stack: 0x000000d5b0300000,0x000000d5b0400000] [id=8212]
  0x000002197ae10000 GCTaskThread "ParGC Thread#2" [stack: 0x000000d5b0700000,0x000000d5b0800000] [id=8668]
  0x000002197ae10800 GCTaskThread "ParGC Thread#3" [stack: 0x000000d5b0800000,0x000000d5b0900000] [id=11964]

Threads with active compile tasks:

VM state:not at safepoint (normal execution)

VM Mutex/Monitor currently owned by a thread: None

Heap address: 0x00000000c0000000, size: 1024 MB, Compressed Oops mode: 32-bit
Narrow klass base: 0x0000000000000000, Narrow klass shift: 3
Compressed class space size: 1073741824 Address: 0x0000000100000000

Heap:
 PSYoungGen      total 24064K, used 0K [0x00000000eab00000, 0x00000000ec400000, 0x0000000100000000)
  eden space 22016K, 0% used [0x00000000eab00000,0x00000000eab00000,0x00000000ec080000)
  from space 2048K, 0% used [0x00000000ec100000,0x00000000ec100000,0x00000000ec300000)
  to   space 1024K, 0% used [0x00000000ec300000,0x00000000ec300000,0x00000000ec400000)
 ParOldGen       total 68608K, used 24819K [0x00000000c0000000, 0x00000000c4300000, 0x00000000eab00000)
  object space 68608K, 36% used [0x00000000c0000000,0x00000000c183cc00,0x00000000c4300000)
 Metaspace       used 33472K, capacity 35226K, committed 35416K, reserved 1081344K
  class space    used 3167K, capacity 3847K, committed 3968K, reserved 1048576K

Card table byte_map: [0x000002195e680000,0x000002195e890000] _byte_map_base: 0x000002195e080000

Marking Bits: (ParMarkBitMap*) 0x00007ffd4afad340
 Begin Bits: [0x00000219763d0000, 0x00000219773d0000)
 End Bits:   [0x00000219773d0000, 0x00000219783d0000)

Polling page: 0x000002195cc20000

Metaspace:

Usage:
  Non-class:     30.64 MB capacity,    29.59 MB ( 97%) used,  1007.49 KB (  3%) free+waste,    66.50 KB ( <1%) overhead. 
      Class:      3.76 MB capacity,     3.09 MB ( 82%) used,   647.84 KB ( 17%) free+waste,    31.31 KB ( <1%) overhead. 
       Both:     34.40 MB capacity,    32.69 MB ( 95%) used,     1.62 MB (  5%) free+waste,    97.81 KB ( <1%) overhead. 

Virtual space:
  Non-class space:       32.00 MB reserved,      30.71 MB ( 96%) committed 
      Class space:        1.00 GB reserved,       3.88 MB ( <1%) committed 
             Both:        1.03 GB reserved,      34.59 MB (  3%) committed 

Chunk freelists:
   Non-Class:  45.00 KB
       Class:  25.00 KB
        Both:  70.00 KB

MaxMetaspaceSize: 17179869184.00 GB
CompressedClassSpaceSize: 1.00 GB

CodeHeap 'non-profiled nmethods': size=120064Kb used=1648Kb max_used=1648Kb free=118415Kb
 bounds [0x000002196ee90000, 0x000002196f100000, 0x00000219763d0000]
CodeHeap 'profiled nmethods': size=120000Kb used=7392Kb max_used=7392Kb free=112607Kb
 bounds [0x0000021967960000, 0x00000219680a0000, 0x000002196ee90000]
CodeHeap 'non-nmethods': size=5696Kb used=1189Kb max_used=1227Kb free=4507Kb
 bounds [0x00000219673d0000, 0x0000021967640000, 0x0000021967960000]
 total_blobs=3917 nmethods=3373 adapters=457
 compilation: enabled
              stopped_count=0, restarted_count=0
 full_count=0

Compilation events (20 events):
Event: 11.618 Thread 0x0000021978d99000 nmethod 3373 0x0000021968077290 code [0x0000021968077440, 0x0000021968077608]
Event: 11.618 Thread 0x0000021978d99000 3374       3       java.util.regex.Pattern$GroupTail::match (111 bytes)
Event: 11.619 Thread 0x0000021978d99000 nmethod 3374 0x0000021968077710 code [0x00000219680778e0, 0x0000021968077c68]
Event: 11.619 Thread 0x0000021978d99000 3375       3       java.util.regex.Pattern$BmpCharPropertyGreedy::match (89 bytes)
Event: 11.620 Thread 0x0000021978d99000 nmethod 3375 0x0000021968077e90 code [0x00000219680780a0, 0x00000219680786c8]
Event: 11.623 Thread 0x0000021978d99000 3376       3       org.objectweb.asm.ByteVector::putByteArray (49 bytes)
Event: 11.623 Thread 0x0000021978d99000 nmethod 3376 0x0000021968078910 code [0x0000021968078ae0, 0x0000021968078d98]
Event: 11.763 Thread 0x0000021978d99000 3377       3       java.util.regex.Pattern$Start::match (90 bytes)
Event: 11.763 Thread 0x0000021978d99000 nmethod 3377 0x0000021968078e90 code [0x0000021968079060, 0x0000021968079428]
Event: 11.763 Thread 0x0000021978d99000 3378       3       org.objectweb.asm.SymbolTable::put (150 bytes)
Event: 11.764 Thread 0x0000021978d99000 nmethod 3378 0x0000021968079610 code [0x0000021968079800, 0x0000021968079ef8]
Event: 11.765 Thread 0x0000021978d99000 3379       3       java.util.regex.Matcher::match (154 bytes)
Event: 11.766 Thread 0x0000021978d99000 nmethod 3379 0x000002196807a210 code [0x000002196807a420, 0x000002196807ab88]
Event: 11.766 Thread 0x0000021978d99000 3380       3       java.net.URLStreamHandler::parseURL (1201 bytes)
Event: 12.883 Thread 0x0000021978d99000 nmethod 3380 0x000002196807ae90 code [0x000002196807c100, 0x00000219680873e8]
Event: 12.883 Thread 0x0000021978d99000 3382       3       org.eclipse.jdt.internal.compiler.parser.Scanner::internalScanIdentifierOrKeyword (4733 bytes)
Event: 12.890 Thread 0x0000021978d98000 nmethod 3372 0x000002196f024b10 code [0x000002196f0251c0, 0x000002196f028d18]
Event: 12.890 Thread 0x0000021978d98000 3381       4       java.lang.ThreadLocal::set (30 bytes)
Event: 12.898 Thread 0x0000021978d98000 nmethod 3381 0x000002196f02b790 code [0x000002196f02b960, 0x000002196f02bd58]
Event: 12.899 Thread 0x0000021978d99000 nmethod 3382 0x000002196808b790 code [0x000002196808c060, 0x00000219680962e8]

GC Heap History (20 events):
Event: 7.551 GC heap before
{Heap before GC invocations=8 (full 1):
 PSYoungGen      total 26624K, used 26608K [0x00000000eab00000, 0x00000000eca00000, 0x0000000100000000)
  eden space 24064K, 99% used [0x00000000eab00000,0x00000000ec27f8c0,0x00000000ec280000)
  from space 2560K, 99% used [0x00000000ec600000,0x00000000ec87ca30,0x00000000ec880000)
  to   space 3584K, 0% used [0x00000000ec280000,0x00000000ec280000,0x00000000ec600000)
 ParOldGen       total 68608K, used 6541K [0x00000000c0000000, 0x00000000c4300000, 0x00000000eab00000)
  object space 68608K, 9% used [0x00000000c0000000,0x00000000c0663448,0x00000000c4300000)
 Metaspace       used 30776K, capacity 32544K, committed 32640K, reserved 1079296K
  class space    used 2946K, capacity 3636K, committed 3712K, reserved 1048576K
}
Event: 7.557 GC heap after
{Heap after GC invocations=8 (full 1):
 PSYoungGen      total 27136K, used 3552K [0x00000000eab00000, 0x00000000ecb00000, 0x0000000100000000)
  eden space 23552K, 0% used [0x00000000eab00000,0x00000000eab00000,0x00000000ec200000)
  from space 3584K, 99% used [0x00000000ec280000,0x00000000ec5f81d0,0x00000000ec600000)
  to   space 4608K, 0% used [0x00000000ec680000,0x00000000ec680000,0x00000000ecb00000)
 ParOldGen       total 68608K, used 7057K [0x00000000c0000000, 0x00000000c4300000, 0x00000000eab00000)
  object space 68608K, 10% used [0x00000000c0000000,0x00000000c06e47a0,0x00000000c4300000)
 Metaspace       used 30776K, capacity 32544K, committed 32640K, reserved 1079296K
  class space    used 2946K, capacity 3636K, committed 3712K, reserved 1048576K
}
Event: 7.764 GC heap before
{Heap before GC invocations=9 (full 1):
 PSYoungGen      total 27136K, used 27104K [0x00000000eab00000, 0x00000000ecb00000, 0x0000000100000000)
  eden space 23552K, 100% used [0x00000000eab00000,0x00000000ec200000,0x00000000ec200000)
  from space 3584K, 99% used [0x00000000ec280000,0x00000000ec5f81d0,0x00000000ec600000)
  to   space 4608K, 0% used [0x00000000ec680000,0x00000000ec680000,0x00000000ecb00000)
 ParOldGen       total 68608K, used 7057K [0x00000000c0000000, 0x00000000c4300000, 0x00000000eab00000)
  object space 68608K, 10% used [0x00000000c0000000,0x00000000c06e47a0,0x00000000c4300000)
 Metaspace       used 31272K, capacity 33054K, committed 33152K, reserved 1079296K
  class space    used 3011K, capacity 3678K, committed 3712K, reserved 1048576K
}
Event: 7.778 GC heap after
{Heap after GC invocations=9 (full 1):
 PSYoungGen      total 26624K, used 4607K [0x00000000eab00000, 0x00000000ecd80000, 0x0000000100000000)
  eden space 22016K, 0% used [0x00000000eab00000,0x00000000eab00000,0x00000000ec080000)
  from space 4608K, 99% used [0x00000000ec680000,0x00000000ecaffd38,0x00000000ecb00000)
  to   space 6144K, 0% used [0x00000000ec080000,0x00000000ec080000,0x00000000ec680000)
 ParOldGen       total 68608K, used 8121K [0x00000000c0000000, 0x00000000c4300000, 0x00000000eab00000)
  object space 68608K, 11% used [0x00000000c0000000,0x00000000c07ee7c0,0x00000000c4300000)
 Metaspace       used 31272K, capacity 33054K, committed 33152K, reserved 1079296K
  class space    used 3011K, capacity 3678K, committed 3712K, reserved 1048576K
}
Event: 7.975 GC heap before
{Heap before GC invocations=10 (full 1):
 PSYoungGen      total 26624K, used 26623K [0x00000000eab00000, 0x00000000ecd80000, 0x0000000100000000)
  eden space 22016K, 100% used [0x00000000eab00000,0x00000000ec080000,0x00000000ec080000)
  from space 4608K, 99% used [0x00000000ec680000,0x00000000ecaffd38,0x00000000ecb00000)
  to   space 6144K, 0% used [0x00000000ec080000,0x00000000ec080000,0x00000000ec680000)
 ParOldGen       total 68608K, used 8121K [0x00000000c0000000, 0x00000000c4300000, 0x00000000eab00000)
  object space 68608K, 11% used [0x00000000c0000000,0x00000000c07ee7c0,0x00000000c4300000)
 Metaspace       used 31297K, capacity 33054K, committed 33152K, reserved 1079296K
  class space    used 3011K, capacity 3678K, committed 3712K, reserved 1048576K
}
Event: 7.985 GC heap after
{Heap after GC invocations=10 (full 1):
 PSYoungGen      total 27136K, used 4750K [0x00000000eab00000, 0x00000000eca80000, 0x0000000100000000)
  eden space 22016K, 0% used [0x00000000eab00000,0x00000000eab00000,0x00000000ec080000)
  from space 5120K, 92% used [0x00000000ec080000,0x00000000ec523bb0,0x00000000ec580000)
  to   space 5120K, 0% used [0x00000000ec580000,0x00000000ec580000,0x00000000eca80000)
 ParOldGen       total 68608K, used 9950K [0x00000000c0000000, 0x00000000c4300000, 0x00000000eab00000)
  object space 68608K, 14% used [0x00000000c0000000,0x00000000c09b7a40,0x00000000c4300000)
 Metaspace       used 31297K, capacity 33054K, committed 33152K, reserved 1079296K
  class space    used 3011K, capacity 3678K, committed 3712K, reserved 1048576K
}
Event: 8.226 GC heap before
{Heap before GC invocations=11 (full 1):
 PSYoungGen      total 27136K, used 26506K [0x00000000eab00000, 0x00000000eca80000, 0x0000000100000000)
  eden space 22016K, 98% used [0x00000000eab00000,0x00000000ec03ee30,0x00000000ec080000)
  from space 5120K, 92% used [0x00000000ec080000,0x00000000ec523bb0,0x00000000ec580000)
  to   space 5120K, 0% used [0x00000000ec580000,0x00000000ec580000,0x00000000eca80000)
 ParOldGen       total 68608K, used 9950K [0x00000000c0000000, 0x00000000c4300000, 0x00000000eab00000)
  object space 68608K, 14% used [0x00000000c0000000,0x00000000c09b7a40,0x00000000c4300000)
 Metaspace       used 31481K, capacity 33214K, committed 33408K, reserved 1079296K
  class space    used 3025K, capacity 3710K, committed 3712K, reserved 1048576K
}
Event: 8.237 GC heap after
{Heap after GC invocations=11 (full 1):
 PSYoungGen      total 26112K, used 3954K [0x00000000eab00000, 0x00000000ec980000, 0x0000000100000000)
  eden space 22016K, 0% used [0x00000000eab00000,0x00000000eab00000,0x00000000ec080000)
  from space 4096K, 96% used [0x00000000ec580000,0x00000000ec95cb28,0x00000000ec980000)
  to   space 4608K, 0% used [0x00000000ec080000,0x00000000ec080000,0x00000000ec500000)
 ParOldGen       total 68608K, used 12657K [0x00000000c0000000, 0x00000000c4300000, 0x00000000eab00000)
  object space 68608K, 18% used [0x00000000c0000000,0x00000000c0c5c658,0x00000000c4300000)
 Metaspace       used 31481K, capacity 33214K, committed 33408K, reserved 1079296K
  class space    used 3025K, capacity 3710K, committed 3712K, reserved 1048576K
}
Event: 8.365 GC heap before
{Heap before GC invocations=12 (full 1):
 PSYoungGen      total 26112K, used 25970K [0x00000000eab00000, 0x00000000ec980000, 0x0000000100000000)
  eden space 22016K, 100% used [0x00000000eab00000,0x00000000ec080000,0x00000000ec080000)
  from space 4096K, 96% used [0x00000000ec580000,0x00000000ec95cb28,0x00000000ec980000)
  to   space 4608K, 0% used [0x00000000ec080000,0x00000000ec080000,0x00000000ec500000)
 ParOldGen       total 68608K, used 12657K [0x00000000c0000000, 0x00000000c4300000, 0x00000000eab00000)
  object space 68608K, 18% used [0x00000000c0000000,0x00000000c0c5c658,0x00000000c4300000)
 Metaspace       used 31481K, capacity 33214K, committed 33408K, reserved 1079296K
  class space    used 3025K, capacity 3710K, committed 3712K, reserved 1048576K
}
Event: 8.382 GC heap after
{Heap after GC invocations=12 (full 1):
 PSYoungGen      total 25088K, used 2656K [0x00000000eab00000, 0x00000000ec780000, 0x0000000100000000)
  eden space 22016K, 0% used [0x00000000eab00000,0x00000000eab00000,0x00000000ec080000)
  from space 3072K, 86% used [0x00000000ec080000,0x00000000ec318010,0x00000000ec380000)
  to   space 3584K, 0% used [0x00000000ec400000,0x00000000ec400000,0x00000000ec780000)
 ParOldGen       total 68608K, used 16620K [0x00000000c0000000, 0x00000000c4300000, 0x00000000eab00000)
  object space 68608K, 24% used [0x00000000c0000000,0x00000000c103b2a0,0x00000000c4300000)
 Metaspace       used 31481K, capacity 33214K, committed 33408K, reserved 1079296K
  class space    used 3025K, capacity 3710K, committed 3712K, reserved 1048576K
}
Event: 8.470 GC heap before
{Heap before GC invocations=13 (full 1):
 PSYoungGen      total 25088K, used 24672K [0x00000000eab00000, 0x00000000ec780000, 0x0000000100000000)
  eden space 22016K, 100% used [0x00000000eab00000,0x00000000ec080000,0x00000000ec080000)
  from space 3072K, 86% used [0x00000000ec080000,0x00000000ec318010,0x00000000ec380000)
  to   space 3584K, 0% used [0x00000000ec400000,0x00000000ec400000,0x00000000ec780000)
 ParOldGen       total 68608K, used 16620K [0x00000000c0000000, 0x00000000c4300000, 0x00000000eab00000)
  object space 68608K, 24% used [0x00000000c0000000,0x00000000c103b2a0,0x00000000c4300000)
 Metaspace       used 31481K, capacity 33214K, committed 33408K, reserved 1079296K
  class space    used 3025K, capacity 3710K, committed 3712K, reserved 1048576K
}
Event: 8.479 GC heap after
{Heap after GC invocations=13 (full 1):
 PSYoungGen      total 25088K, used 2560K [0x00000000eab00000, 0x00000000ec700000, 0x0000000100000000)
  eden space 22016K, 0% used [0x00000000eab00000,0x00000000eab00000,0x00000000ec080000)
  from space 3072K, 83% used [0x00000000ec400000,0x00000000ec680010,0x00000000ec700000)
  to   space 3072K, 0% used [0x00000000ec080000,0x00000000ec080000,0x00000000ec380000)
 ParOldGen       total 68608K, used 19204K [0x00000000c0000000, 0x00000000c4300000, 0x00000000eab00000)
  object space 68608K, 27% used [0x00000000c0000000,0x00000000c12c12b0,0x00000000c4300000)
 Metaspace       used 31481K, capacity 33214K, committed 33408K, reserved 1079296K
  class space    used 3025K, capacity 3710K, committed 3712K, reserved 1048576K
}
Event: 8.647 GC heap before
{Heap before GC invocations=14 (full 1):
 PSYoungGen      total 25088K, used 24576K [0x00000000eab00000, 0x00000000ec700000, 0x0000000100000000)
  eden space 22016K, 100% used [0x00000000eab00000,0x00000000ec080000,0x00000000ec080000)
  from space 3072K, 83% used [0x00000000ec400000,0x00000000ec680010,0x00000000ec700000)
  to   space 3072K, 0% used [0x00000000ec080000,0x00000000ec080000,0x00000000ec380000)
 ParOldGen       total 68608K, used 19204K [0x00000000c0000000, 0x00000000c4300000, 0x00000000eab00000)
  object space 68608K, 27% used [0x00000000c0000000,0x00000000c12c12b0,0x00000000c4300000)
 Metaspace       used 31570K, capacity 33289K, committed 33536K, reserved 1079296K
  class space    used 3031K, capacity 3713K, committed 3840K, reserved 1048576K
}
Event: 8.670 GC heap after
{Heap after GC invocations=14 (full 1):
 PSYoungGen      total 25088K, used 2848K [0x00000000eab00000, 0x00000000ec680000, 0x0000000100000000)
  eden space 22016K, 0% used [0x00000000eab00000,0x00000000eab00000,0x00000000ec080000)
  from space 3072K, 92% used [0x00000000ec080000,0x00000000ec348000,0x00000000ec380000)
  to   space 3072K, 0% used [0x00000000ec380000,0x00000000ec380000,0x00000000ec680000)
 ParOldGen       total 68608K, used 21706K [0x00000000c0000000, 0x00000000c4300000, 0x00000000eab00000)
  object space 68608K, 31% used [0x00000000c0000000,0x00000000c1532b40,0x00000000c4300000)
 Metaspace       used 31570K, capacity 33289K, committed 33536K, reserved 1079296K
  class space    used 3031K, capacity 3713K, committed 3840K, reserved 1048576K
}
Event: 11.768 GC heap before
{Heap before GC invocations=15 (full 1):
 PSYoungGen      total 25088K, used 24864K [0x00000000eab00000, 0x00000000ec680000, 0x0000000100000000)
  eden space 22016K, 100% used [0x00000000eab00000,0x00000000ec080000,0x00000000ec080000)
  from space 3072K, 92% used [0x00000000ec080000,0x00000000ec348000,0x00000000ec380000)
  to   space 3072K, 0% used [0x00000000ec380000,0x00000000ec380000,0x00000000ec680000)
 ParOldGen       total 68608K, used 21706K [0x00000000c0000000, 0x00000000c4300000, 0x00000000eab00000)
  object space 68608K, 31% used [0x00000000c0000000,0x00000000c1532b40,0x00000000c4300000)
 Metaspace       used 33251K, capacity 35034K, committed 35200K, reserved 1081344K
  class space    used 3140K, capacity 3847K, committed 3968K, reserved 1048576K
}
Event: 11.818 GC heap after
{Heap after GC invocations=15 (full 1):
 PSYoungGen      total 23552K, used 1109K [0x00000000eab00000, 0x00000000ec500000, 0x0000000100000000)
  eden space 22016K, 0% used [0x00000000eab00000,0x00000000eab00000,0x00000000ec080000)
  from space 1536K, 72% used [0x00000000ec380000,0x00000000ec495468,0x00000000ec500000)
  to   space 2048K, 0% used [0x00000000ec100000,0x00000000ec100000,0x00000000ec300000)
 ParOldGen       total 68608K, used 24498K [0x00000000c0000000, 0x00000000c4300000, 0x00000000eab00000)
  object space 68608K, 35% used [0x00000000c0000000,0x00000000c17ecb40,0x00000000c4300000)
 Metaspace       used 33251K, capacity 35034K, committed 35200K, reserved 1081344K
  class space    used 3140K, capacity 3847K, committed 3968K, reserved 1048576K
}
Event: 11.837 GC heap before
{Heap before GC invocations=16 (full 1):
 PSYoungGen      total 23552K, used 2103K [0x00000000eab00000, 0x00000000ec500000, 0x0000000100000000)
  eden space 22016K, 4% used [0x00000000eab00000,0x00000000eabf8b38,0x00000000ec080000)
  from space 1536K, 72% used [0x00000000ec380000,0x00000000ec495468,0x00000000ec500000)
  to   space 2048K, 0% used [0x00000000ec100000,0x00000000ec100000,0x00000000ec300000)
 ParOldGen       total 68608K, used 24498K [0x00000000c0000000, 0x00000000c4300000, 0x00000000eab00000)
  object space 68608K, 35% used [0x00000000c0000000,0x00000000c17ecb40,0x00000000c4300000)
 Metaspace       used 33472K, capacity 35226K, committed 35416K, reserved 1081344K
  class space    used 3167K, capacity 3847K, committed 3968K, reserved 1048576K
}
Event: 11.914 GC heap after
{Heap after GC invocations=16 (full 1):
 PSYoungGen      total 24064K, used 64K [0x00000000eab00000, 0x00000000ec400000, 0x0000000100000000)
  eden space 22016K, 0% used [0x00000000eab00000,0x00000000eab00000,0x00000000ec080000)
  from space 2048K, 3% used [0x00000000ec100000,0x00000000ec110000,0x00000000ec300000)
  to   space 1024K, 0% used [0x00000000ec300000,0x00000000ec300000,0x00000000ec400000)
 ParOldGen       total 68608K, used 25380K [0x00000000c0000000, 0x00000000c4300000, 0x00000000eab00000)
  object space 68608K, 36% used [0x00000000c0000000,0x00000000c18c9160,0x00000000c4300000)
 Metaspace       used 33472K, capacity 35226K, committed 35416K, reserved 1081344K
  class space    used 3167K, capacity 3847K, committed 3968K, reserved 1048576K
}
Event: 11.914 GC heap before
{Heap before GC invocations=17 (full 2):
 PSYoungGen      total 24064K, used 64K [0x00000000eab00000, 0x00000000ec400000, 0x0000000100000000)
  eden space 22016K, 0% used [0x00000000eab00000,0x00000000eab00000,0x00000000ec080000)
  from space 2048K, 3% used [0x00000000ec100000,0x00000000ec110000,0x00000000ec300000)
  to   space 1024K, 0% used [0x00000000ec300000,0x00000000ec300000,0x00000000ec400000)
 ParOldGen       total 68608K, used 25380K [0x00000000c0000000, 0x00000000c4300000, 0x00000000eab00000)
  object space 68608K, 36% used [0x00000000c0000000,0x00000000c18c9160,0x00000000c4300000)
 Metaspace       used 33472K, capacity 35226K, committed 35416K, reserved 1081344K
  class space    used 3167K, capacity 3847K, committed 3968K, reserved 1048576K
}
Event: 12.882 GC heap after
{Heap after GC invocations=17 (full 2):
 PSYoungGen      total 24064K, used 0K [0x00000000eab00000, 0x00000000ec400000, 0x0000000100000000)
  eden space 22016K, 0% used [0x00000000eab00000,0x00000000eab00000,0x00000000ec080000)
  from space 2048K, 0% used [0x00000000ec100000,0x00000000ec100000,0x00000000ec300000)
  to   space 1024K, 0% used [0x00000000ec300000,0x00000000ec300000,0x00000000ec400000)
 ParOldGen       total 68608K, used 24819K [0x00000000c0000000, 0x00000000c4300000, 0x00000000eab00000)
  object space 68608K, 36% used [0x00000000c0000000,0x00000000c183cc00,0x00000000c4300000)
 Metaspace       used 33472K, capacity 35226K, committed 35416K, reserved 1081344K
  class space    used 3167K, capacity 3847K, committed 3968K, reserved 1048576K
}

Deoptimization events (20 events):
Event: 10.775 Thread 0x000002197a6bb800 DEOPT PACKING pc=0x0000021967dc034e sp=0x000000d5b0ffcb70
Event: 10.775 Thread 0x000002197a6bb800 DEOPT UNPACKING pc=0x00000219673f65de sp=0x000000d5b0ffc050 mode 0
Event: 10.777 Thread 0x000002197a6bb800 DEOPT PACKING pc=0x0000021967dc034e sp=0x000000d5b0ffcb70
Event: 10.777 Thread 0x000002197a6bb800 DEOPT UNPACKING pc=0x00000219673f65de sp=0x000000d5b0ffc050 mode 0
Event: 10.778 Thread 0x000002197a6bb800 DEOPT PACKING pc=0x0000021967dc034e sp=0x000000d5b0ffcb70
Event: 10.778 Thread 0x000002197a6bb800 DEOPT UNPACKING pc=0x00000219673f65de sp=0x000000d5b0ffc050 mode 0
Event: 10.779 Thread 0x000002197a6bb800 DEOPT PACKING pc=0x0000021967dc034e sp=0x000000d5b0ffcb70
Event: 10.779 Thread 0x000002197a6bb800 DEOPT UNPACKING pc=0x00000219673f65de sp=0x000000d5b0ffc050 mode 0
Event: 10.780 Thread 0x000002197a6bb800 DEOPT PACKING pc=0x0000021967dc034e sp=0x000000d5b0ffcb70
Event: 10.780 Thread 0x000002197a6bb800 DEOPT UNPACKING pc=0x00000219673f65de sp=0x000000d5b0ffc050 mode 0
Event: 10.781 Thread 0x000002197a6bb800 DEOPT PACKING pc=0x0000021967dc034e sp=0x000000d5b0ffcb70
Event: 10.781 Thread 0x000002197a6bb800 DEOPT UNPACKING pc=0x00000219673f65de sp=0x000000d5b0ffc050 mode 0
Event: 11.612 Thread 0x000002197a6bb800 Uncommon trap: trap_request=0xffffff4d fr.pc=0x000002196f023fd0 relative=0x0000000000000130
Event: 11.612 Thread 0x000002197a6bb800 Uncommon trap: reason=unstable_if action=reinterpret pc=0x000002196f023fd0 method=org.objectweb.asm.ByteVector.putByteArray([BII)Lorg/objectweb/asm/ByteVector; @ 20 c2
Event: 11.612 Thread 0x000002197a6bb800 DEOPT PACKING pc=0x000002196f023fd0 sp=0x000000d5b0ffa340
Event: 11.612 Thread 0x000002197a6bb800 DEOPT UNPACKING pc=0x00000219673f5e2f sp=0x000000d5b0ffa310 mode 2
Event: 11.612 Thread 0x000002197a6bb800 Uncommon trap: trap_request=0xffffff4d fr.pc=0x000002196f0229ac relative=0x00000000000002ec
Event: 11.612 Thread 0x000002197a6bb800 Uncommon trap: reason=unstable_if action=reinterpret pc=0x000002196f0229ac method=org.objectweb.asm.Label.resolve([BI)Z @ 80 c2
Event: 11.612 Thread 0x000002197a6bb800 DEOPT PACKING pc=0x000002196f0229ac sp=0x000000d5b0ffa3b0
Event: 11.612 Thread 0x000002197a6bb800 DEOPT UNPACKING pc=0x00000219673f5e2f sp=0x000000d5b0ffa2b0 mode 2

Classes redefined (0 events):
No events

Internal exceptions (20 events):
Event: 4.322 Thread 0x000002197a419800 Exception <a 'java/lang/NoSuchMethodError'{0x00000000eaf10a38}: 'java.lang.Object java.lang.invoke.DirectMethodHandle$Holder.invokeStatic(java.lang.Object, java.lang.Object, java.lang.Object, java.lang.Object, java.lang.Object, java.lang.Object, java.lang.Object, java.lang.Object, java.lang.Object, java.lang.Object, java.lang.Object, java.lang.Object, java.lang.Object, java.lang.Object, java.lang.Object)'> (0x00000000eaf10a38) thrown at [./src/hotspot/share/interpreter/linkResolver.cpp, line 773]
Event: 4.326 Thread 0x000002197a419800 Exception <a 'java/lang/NoSuchMethodError'{0x00000000eaf24bb0}: 'java.lang.Object java.lang.invoke.DirectMethodHandle$Holder.invokeStatic(java.lang.Object, java.lang.Object, java.lang.Object, java.lang.Object, java.lang.Object, java.lang.Object, java.lang.Object, java.lang.Object, java.lang.Object, java.lang.Object, java.lang.Object, java.lang.Object, java.lang.Object, java.lang.Object, java.lang.Object, java.lang.Object)'> (0x00000000eaf24bb0) thrown at [./src/hotspot/share/interpreter/linkResolver.cpp, l
Event: 4.333 Thread 0x000002197a419800 Exception <a 'java/lang/NoSuchMethodError'{0x00000000eaf32ea0}: 'java.lang.Object java.lang.invoke.DirectMethodHandle$Holder.invokeSpecial(java.lang.Object, java.lang.Object, int, int, java.lang.Object, java.lang.Object, java.lang.Object)'> (0x00000000eaf32ea0) thrown at [./src/hotspot/share/interpreter/linkResolver.cpp, line 773]
Event: 4.333 Thread 0x000002197a419800 Exception <a 'java/lang/NoSuchMethodError'{0x00000000eaf366d8}: 'java.lang.Object java.lang.invoke.DelegatingMethodHandle$Holder.reinvoke_L(java.lang.Object, int, int, java.lang.Object, java.lang.Object, java.lang.Object)'> (0x00000000eaf366d8) thrown at [./src/hotspot/share/interpreter/linkResolver.cpp, line 773]
Event: 4.335 Thread 0x000002197a419800 Exception <a 'java/lang/NoSuchMethodError'{0x00000000eaf43b90}: 'java.lang.Object java.lang.invoke.DirectMethodHandle$Holder.invokeStatic(java.lang.Object, java.lang.Object, java.lang.Object, java.lang.Object, int)'> (0x00000000eaf43b90) thrown at [./src/hotspot/share/interpreter/linkResolver.cpp, line 773]
Event: 4.636 Thread 0x000002197a419800 Exception <a 'java/io/FileNotFoundException'{0x00000000eb99b710}> (0x00000000eb99b710) thrown at [./src/hotspot/share/prims/jni.cpp, line 615]
Event: 5.115 Thread 0x000002197a419800 Exception <a 'java/io/FileNotFoundException'{0x00000000ead01af8}> (0x00000000ead01af8) thrown at [./src/hotspot/share/prims/jni.cpp, line 615]
Event: 5.382 Thread 0x000002197a419800 Exception <a 'java/lang/NoSuchMethodError'{0x00000000eaefced0}: 'int java.lang.invoke.DirectMethodHandle$Holder.invokeStaticInit(java.lang.Object, java.lang.Object, java.lang.Object)'> (0x00000000eaefced0) thrown at [./src/hotspot/share/interpreter/linkResolver.cpp, line 773]
Event: 5.394 Thread 0x000002197a419800 Exception <a 'java/lang/IncompatibleClassChangeError'{0x00000000eaf8cb70}: Found class java.lang.Object, but interface was expected> (0x00000000eaf8cb70) thrown at [./src/hotspot/share/interpreter/linkResolver.cpp, line 839]
Event: 5.815 Thread 0x000002197a419800 Exception <a 'java/lang/ClassNotFoundException'{0x00000000ead9f598}: com/sun/org/apache/xerces/internal/impl/msg/spi/DOMMessagesProvider> (0x00000000ead9f598) thrown at [./src/hotspot/share/classfile/systemDictionary.cpp, line 231]
Event: 5.821 Thread 0x000002197a419800 Exception <a 'java/lang/ClassNotFoundException'{0x00000000eadd9da0}: com/sun/org/apache/xerces/internal/impl/msg/spi/XMLSerializerMessagesProvider> (0x00000000eadd9da0) thrown at [./src/hotspot/share/classfile/systemDictionary.cpp, line 231]
Event: 5.822 Thread 0x000002197a419800 Exception <a 'java/lang/ClassNotFoundException'{0x00000000eadee180}: com/sun/org/apache/xerces/internal/impl/msg/spi/XMLMessagesProvider> (0x00000000eadee180) thrown at [./src/hotspot/share/classfile/systemDictionary.cpp, line 231]
Event: 6.032 Thread 0x000002197a419800 Exception <a 'java/lang/ClassNotFoundException'{0x00000000eb339e18}: com/sun/org/apache/xml/internal/serializer/spi/XMLEntitiesProvider> (0x00000000eb339e18) thrown at [./src/hotspot/share/classfile/systemDictionary.cpp, line 231]
Event: 6.344 Thread 0x000002195ecd3000 Exception <a 'java/lang/NoSuchMethodError'{0x00000000eb9d1200}: 'void java.lang.invoke.DirectMethodHandle$Holder.invokeStatic(java.lang.Object, java.lang.Object, java.lang.Object, java.lang.Object)'> (0x00000000eb9d1200) thrown at [./src/hotspot/share/interpreter/linkResolver.cpp, line 773]
Event: 6.846 Thread 0x000002197a6bb800 Exception <a 'java/io/FileNotFoundException'{0x00000000eaee6378}> (0x00000000eaee6378) thrown at [./src/hotspot/share/prims/jni.cpp, line 615]
Event: 7.654 Thread 0x000002197afed800 Exception <a 'java/io/FileNotFoundException'{0x00000000eb3a8af8}> (0x00000000eb3a8af8) thrown at [./src/hotspot/share/prims/jni.cpp, line 615]
Event: 7.654 Thread 0x000002197afed800 Exception <a 'java/io/FileNotFoundException'{0x00000000eb3aa6e8}> (0x00000000eb3aa6e8) thrown at [./src/hotspot/share/prims/jni.cpp, line 615]
Event: 7.657 Thread 0x000002197afed800 Exception <a 'java/lang/NoSuchMethodError'{0x00000000eb3bdd68}: 'void java.lang.invoke.DirectMethodHandle$Holder.invokeStaticInit(java.lang.Object, java.lang.Object, java.lang.Object)'> (0x00000000eb3bdd68) thrown at [./src/hotspot/share/interpreter/linkResolver.cpp, line 773]
Event: 10.326 Thread 0x000002197a6bb800 Exception <a 'java/lang/NoSuchMethodError'{0x00000000ead25b38}: 'java.lang.Object java.lang.invoke.DirectMethodHandle$Holder.invokeInterface(java.lang.Object, java.lang.Object, java.lang.Object)'> (0x00000000ead25b38) thrown at [./src/hotspot/share/interpreter/linkResolver.cpp, line 773]
Event: 11.612 Thread 0x000002197a6bb800 Implicit null exception at 0x000002196f023ee6 to 0x000002196f023fb0

Events (20 events):
Event: 10.759 Executing VM operation: RevokeBias
Event: 10.759 Executing VM operation: RevokeBias done
Event: 10.759 Executing VM operation: RevokeBias
Event: 10.759 Executing VM operation: RevokeBias done
Event: 10.759 Executing VM operation: RevokeBias
Event: 10.759 Executing VM operation: RevokeBias done
Event: 10.767 loading class org/eclipse/jdt/internal/compiler/problem/messages
Event: 10.767 loading class org/eclipse/jdt/internal/compiler/problem/messages done
Event: 10.782 loading class org/eclipse/jdt/internal/compiler/problem/messages_es
Event: 10.782 loading class org/eclipse/jdt/internal/compiler/problem/messages_es done
Event: 10.783 loading class org/eclipse/jdt/internal/compiler/problem/messages_es_CO
Event: 10.783 loading class org/eclipse/jdt/internal/compiler/problem/messages_es_CO done
Event: 10.849 Thread 0x000002197a47f000 Thread added: 0x000002197a47f000
Event: 11.199 Thread 0x000002197a47f000 Thread exited: 0x000002197a47f000
Event: 11.767 Executing VM operation: ParallelGCFailedAllocation
Event: 11.818 Executing VM operation: ParallelGCFailedAllocation done
Event: 11.824 Executing VM operation: Deoptimize
Event: 11.825 Executing VM operation: Deoptimize done
Event: 11.837 Executing VM operation: CollectForMetadataAllocation
Event: 12.882 Executing VM operation: CollectForMetadataAllocation done


Dynamic libraries:
0x00007ff68b690000 - 0x00007ff68b69d000 	C:\Program Files\AdoptOpenJDK\jdk-11.0.11.9-hotspot\bin\java.exe
0x00007ffdab310000 - 0x00007ffdab505000 	C:\WINDOWS\SYSTEM32\ntdll.dll
0x00007ffda9b00000 - 0x00007ffda9bbd000 	C:\WINDOWS\System32\KERNEL32.DLL
0x00007ffda8d60000 - 0x00007ffda9028000 	C:\WINDOWS\System32\KERNELBASE.dll
0x00007ffda5d50000 - 0x00007ffda5de0000 	C:\WINDOWS\SYSTEM32\apphelp.dll
0x00007ffda9270000 - 0x00007ffda9370000 	C:\WINDOWS\System32\ucrtbase.dll
0x00007ffd95090000 - 0x00007ffd950a7000 	C:\Program Files\AdoptOpenJDK\jdk-11.0.11.9-hotspot\bin\jli.dll
0x00007ffda94e0000 - 0x00007ffda9680000 	C:\WINDOWS\System32\USER32.dll
0x00007ffda8d00000 - 0x00007ffda8d22000 	C:\WINDOWS\System32\win32u.dll
0x00007ffda9ad0000 - 0x00007ffda9afa000 	C:\WINDOWS\System32\GDI32.dll
0x00007ffda9160000 - 0x00007ffda926b000 	C:\WINDOWS\System32\gdi32full.dll
0x00007ffda8b00000 - 0x00007ffda8b9d000 	C:\WINDOWS\System32\msvcp_win.dll
0x00007ffd94440000 - 0x00007ffd946da000 	C:\WINDOWS\WinSxS\amd64_microsoft.windows.common-controls_6595b64144ccf1df_6.0.19041.844_none_ca00b6081b84eb1d\COMCTL32.dll
0x00007ffda9d80000 - 0x00007ffda9e1e000 	C:\WINDOWS\System32\msvcrt.dll
0x00007ffd947e0000 - 0x00007ffd947f5000 	C:\Program Files\AdoptOpenJDK\jdk-11.0.11.9-hotspot\bin\VCRUNTIME140.dll
0x00007ffdab2a0000 - 0x00007ffdab2d0000 	C:\WINDOWS\System32\IMM32.DLL
0x00007ffd86280000 - 0x00007ffd8631b000 	C:\Program Files\AdoptOpenJDK\jdk-11.0.11.9-hotspot\bin\msvcp140.dll
0x00007ffd4a520000 - 0x00007ffd4b06b000 	C:\Program Files\AdoptOpenJDK\jdk-11.0.11.9-hotspot\bin\server\jvm.dll
0x00007ffdaad20000 - 0x00007ffdaadcc000 	C:\WINDOWS\System32\ADVAPI32.dll
0x00007ffdaa450000 - 0x00007ffdaa4eb000 	C:\WINDOWS\System32\sechost.dll
0x00007ffda9bc0000 - 0x00007ffda9ceb000 	C:\WINDOWS\System32\RPCRT4.dll
0x00007ffda9e20000 - 0x00007ffda9e28000 	C:\WINDOWS\System32\PSAPI.DLL
0x00007ffd8da00000 - 0x00007ffd8da09000 	C:\WINDOWS\SYSTEM32\WSOCK32.dll
0x00007ffda9d10000 - 0x00007ffda9d7b000 	C:\WINDOWS\System32\WS2_32.dll
0x00007ffd967b0000 - 0x00007ffd967d7000 	C:\WINDOWS\SYSTEM32\WINMM.dll
0x00007ffda16e0000 - 0x00007ffda16ea000 	C:\WINDOWS\SYSTEM32\VERSION.dll
0x00007ffda7310000 - 0x00007ffda7322000 	C:\WINDOWS\SYSTEM32\kernel.appcore.dll
0x00007ffda2f10000 - 0x00007ffda2f20000 	C:\Program Files\AdoptOpenJDK\jdk-11.0.11.9-hotspot\bin\verify.dll
0x00007ffda6fe0000 - 0x00007ffda71c4000 	C:\WINDOWS\SYSTEM32\DBGHELP.DLL
0x00007ffd92530000 - 0x00007ffd9255c000 	C:\WINDOWS\SYSTEM32\dbgcore.DLL
0x00007ffda90e0000 - 0x00007ffda9160000 	C:\WINDOWS\System32\bcryptPrimitives.dll
0x00007ffd86a50000 - 0x00007ffd86a78000 	C:\Program Files\AdoptOpenJDK\jdk-11.0.11.9-hotspot\bin\java.dll
0x00007ffda2d30000 - 0x00007ffda2d3a000 	C:\Program Files\AdoptOpenJDK\jdk-11.0.11.9-hotspot\bin\jimage.dll
0x00007ffd9d6e0000 - 0x00007ffd9d6ee000 	C:\Program Files\AdoptOpenJDK\jdk-11.0.11.9-hotspot\bin\instrument.dll
0x00007ffd91ec0000 - 0x00007ffd91ed7000 	C:\Program Files\AdoptOpenJDK\jdk-11.0.11.9-hotspot\bin\zip.dll
0x00007ffdaa4f0000 - 0x00007ffdaac32000 	C:\WINDOWS\System32\SHELL32.dll
0x00007ffda6840000 - 0x00007ffda6fd1000 	C:\WINDOWS\SYSTEM32\windows.storage.dll
0x00007ffdaa090000 - 0x00007ffdaa3e5000 	C:\WINDOWS\System32\combase.dll
0x00007ffda84c0000 - 0x00007ffda84ec000 	C:\WINDOWS\SYSTEM32\Wldp.dll
0x00007ffda9a00000 - 0x00007ffda9aae000 	C:\WINDOWS\System32\SHCORE.dll
0x00007ffda9480000 - 0x00007ffda94d5000 	C:\WINDOWS\System32\shlwapi.dll
0x00007ffda8990000 - 0x00007ffda89af000 	C:\WINDOWS\SYSTEM32\profapi.dll
0x00007ffd8b990000 - 0x00007ffd8b9a9000 	C:\Program Files\AdoptOpenJDK\jdk-11.0.11.9-hotspot\bin\net.dll
0x00007ffd97210000 - 0x00007ffd9731b000 	C:\WINDOWS\SYSTEM32\WINHTTP.dll
0x00007ffda8210000 - 0x00007ffda827a000 	C:\WINDOWS\system32\mswsock.dll
0x00007ffd86a30000 - 0x00007ffd86a42000 	C:\Program Files\AdoptOpenJDK\jdk-11.0.11.9-hotspot\bin\nio.dll
0x00007ffd94820000 - 0x00007ffd9482e000 	C:\Program Files\AdoptOpenJDK\jdk-11.0.11.9-hotspot\bin\sunmscapi.dll
0x00007ffda8ba0000 - 0x00007ffda8cff000 	C:\WINDOWS\System32\CRYPT32.dll
0x00007ffda8530000 - 0x00007ffda8557000 	C:\WINDOWS\SYSTEM32\ncrypt.dll
0x00007ffda84f0000 - 0x00007ffda852b000 	C:\WINDOWS\SYSTEM32\NTASN1.dll
0x00007ffd869c0000 - 0x00007ffd869e5000 	C:\Program Files\AdoptOpenJDK\jdk-11.0.11.9-hotspot\bin\sunec.dll
0x00007ffda8410000 - 0x00007ffda8428000 	C:\WINDOWS\SYSTEM32\CRYPTSP.dll
0x00007ffda7b20000 - 0x00007ffda7b54000 	C:\WINDOWS\system32\rsaenh.dll
0x00007ffda8d30000 - 0x00007ffda8d57000 	C:\WINDOWS\System32\bcrypt.dll
0x00007ffda8950000 - 0x00007ffda897e000 	C:\WINDOWS\SYSTEM32\USERENV.dll
0x00007ffda8400000 - 0x00007ffda840c000 	C:\WINDOWS\SYSTEM32\CRYPTBASE.dll
0x00007ffda7ea0000 - 0x00007ffda7edb000 	C:\WINDOWS\SYSTEM32\IPHLPAPI.DLL
0x00007ffda9d00000 - 0x00007ffda9d08000 	C:\WINDOWS\System32\NSI.dll
0x00007ffda1580000 - 0x00007ffda1597000 	C:\WINDOWS\SYSTEM32\dhcpcsvc6.DLL
0x00007ffda1780000 - 0x00007ffda179d000 	C:\WINDOWS\SYSTEM32\dhcpcsvc.DLL
0x00007ffda7ef0000 - 0x00007ffda7fbc000 	C:\WINDOWS\SYSTEM32\DNSAPI.dll
0x00007ffd866c0000 - 0x00007ffd866e9000 	C:\Users\AndresZ\AppData\Roaming\Code\User\globalStorage\redhat.java\0.78.0\config_ss_win\org.eclipse.equinox.launcher\org.eclipse.equinox.launcher.win32.win32.x86_64_1.2.200.v20210406-1409\eclipse_11401.dll

dbghelp: loaded successfully - version: 4.0.5 - missing functions: none
symbol engine: initialized successfully - sym options: 0x614 - pdb path: .;C:\Program Files\AdoptOpenJDK\jdk-11.0.11.9-hotspot\bin;C:\WINDOWS\SYSTEM32;C:\WINDOWS\WinSxS\amd64_microsoft.windows.common-controls_6595b64144ccf1df_6.0.19041.844_none_ca00b6081b84eb1d;C:\Program Files\AdoptOpenJDK\jdk-11.0.11.9-hotspot\bin\server;C:\Users\AndresZ\AppData\Roaming\Code\User\globalStorage\redhat.java\0.78.0\config_ss_win\org.eclipse.equinox.launcher\org.eclipse.equinox.launcher.win32.win32.x86_64_1.2.200.v20210406-1409

VM Arguments:
jvm_args: --add-modules=ALL-SYSTEM --add-opens=java.base/java.util=ALL-UNNAMED --add-opens=java.base/java.lang=ALL-UNNAMED -Declipse.application=org.eclipse.jdt.ls.core.id1 -Dosgi.bundles.defaultStartLevel=4 -Declipse.product=org.eclipse.jdt.ls.core.product -Dfile.encoding=utf8 -DwatchParentProcess=false -XX:+UseParallelGC -XX:GCTimeRatio=4 -XX:AdaptiveSizePolicyWeight=90 -Dsun.zip.disableMemoryMapping=true -Xmx1G -Xms100m -javaagent:c:\Users\AndresZ\.vscode\extensions\gabrielbb.vscode-lombok-1.0.1\server\lombok.jar -Xverify:none 
java_command: c:\Users\AndresZ\.vscode\extensions\redhat.java-0.78.0\server\plugins\org.eclipse.equinox.launcher_1.6.100.v20201223-0822.jar -configuration c:\Users\AndresZ\AppData\Roaming\Code\User\globalStorage\redhat.java\0.78.0\config_ss_win -data c:\Users\AndresZ\AppData\Roaming\Code\User\workspaceStorage\cbcede523eaa059dca6dee5001404300\redhat.java\ss_ws
java_class_path (initial): c:\Users\AndresZ\.vscode\extensions\redhat.java-0.78.0\server\plugins\org.eclipse.equinox.launcher_1.6.100.v20201223-0822.jar
Launcher Type: SUN_STANDARD

[Global flags]
    uintx AdaptiveSizePolicyWeight                 = 90                                        {product} {command line}
     bool BytecodeVerificationLocal                = false                                     {product} {command line}
     bool BytecodeVerificationRemote               = false                                     {product} {command line}
     intx CICompilerCount                          = 3                                         {product} {ergonomic}
    uintx GCTimeRatio                              = 4                                         {product} {command line}
   size_t InitialHeapSize                          = 104857600                                 {product} {command line}
   size_t MaxHeapSize                              = 1073741824                                {product} {command line}
   size_t MaxNewSize                               = 357564416                                 {product} {ergonomic}
   size_t MinHeapDeltaBytes                        = 524288                                    {product} {ergonomic}
   size_t NewSize                                  = 34603008                                  {product} {ergonomic}
    uintx NonNMethodCodeHeapSize                   = 5830732                                {pd product} {ergonomic}
    uintx NonProfiledCodeHeapSize                  = 122913754                              {pd product} {ergonomic}
   size_t OldSize                                  = 70254592                                  {product} {ergonomic}
    uintx ProfiledCodeHeapSize                     = 122913754                              {pd product} {ergonomic}
    uintx ReservedCodeCacheSize                    = 251658240                              {pd product} {ergonomic}
     bool SegmentedCodeCache                       = true                                      {product} {ergonomic}
     bool UseCompressedClassPointers               = true                                 {lp64_product} {ergonomic}
     bool UseCompressedOops                        = true                                 {lp64_product} {ergonomic}
     bool UseLargePagesIndividualAllocation        = false                                  {pd product} {ergonomic}
     bool UseParallelGC                            = true                                      {product} {command line}

Logging:
Log output configuration:
 #0: stdout all=warning uptime,level,tags
 #1: stderr all=off uptime,level,tags

Environment Variables:
JAVA_HOME=C:\Program Files\AdoptOpenJDK\jdk-11.0.11.9-hotspot
PATH=C:\Program Files (x86)\Common Files\Oracle\Java\javapath;C:\app\AndresZ\product\18.0.0\dbhomeXE\bin;C:\Python38\Scripts\;C:\Python38\;C:\Windows\system32;C:\Windows;C:\Windows\System32\Wbem;C:\Windows\System32\WindowsPowerShell\v1.0\;C:\WINDOWS\system32;C:\WINDOWS;C:\WINDOWS\System32\Wbem;C:\WINDOWS\System32\WindowsPowerShell\v1.0\;C:\WINDOWS\System32\OpenSSH\;C:\Users\AndresZ\Documents\src\flutter\.pub-cache;C:\Users\AndresZ\Documents\src\flutter\bin;C:\Users\AndresZ\Documents\src\flutter\.pub-cache\bin;C:\ProgramData\chocolatey\bin;C:\Program Files\PostgreSQL\12\bin;C:\Program Files\Git\cmd;C:\Program Files\nodejs\;C:\Users\AndresZ\AppData\Local\Microsoft\WindowsApps;C:\Users\AndresZ\AppData\Local\Programs\Microsoft VS Code\bin;C:\Program Files\PostgreSQL\12\bin;C:\Users\AndresZ\AppData\Roaming\npm;C:\Program Files\heroku\bin
USERNAME=AndresZ
OS=Windows_NT
PROCESSOR_IDENTIFIER=Intel64 Family 6 Model 142 Stepping 9, GenuineIntel



---------------  S Y S T E M  ---------------

OS: Windows 10 , 64 bit Build 19041 (10.0.19041.928)
OS uptime: 2 days 18:04 hours
Hyper-V role detected

CPU:total 4 (initial active 4) (2 cores per cpu, 2 threads per core) family 6 model 142 stepping 9 microcode 0xde, cmov, cx8, fxsr, mmx, sse, sse2, sse3, ssse3, sse4.1, sse4.2, popcnt, avx, avx2, aes, clmul, erms, 3dnowpref, lzcnt, ht, tsc, tscinvbit, bmi1, bmi2, adx, fma

Memory: 4k page, system-wide physical 8076M (1410M free)
TotalPageFile size 15244M (AvailPageFile size 3701M)
current process WorkingSet (physical memory assigned to process): 149M, peak: 151M
current process commit charge ("private bytes"): 228M, peak: 236M

vm_info: OpenJDK 64-Bit Server VM (11.0.11+9) for windows-amd64 JRE (11.0.11+9), built on Apr 20 2021 21:22:09 by "" with MS VC++ 15.9 (VS2017)

END.
